time="2026-02-27T22:59:38+05:30" level=warning msg="C:\\Users\\konal\\Downloads\\FastApiSheets\\HRMS\\docker-compose.yml: the attribute `version` is obsolete, it will be ignored, please remove it to avoid potential confusion"
Compose can now delegate builds to bake for better performance.
 To do so, set COMPOSE_BAKE=true.
#0 building with "desktop-linux" instance using docker driver

#1 [backend internal] load build definition from Dockerfile
#1 transferring dockerfile: 241B 0.0s done
#1 DONE 0.0s

#2 [backend internal] load metadata for docker.io/library/python:3.12-slim
#2 DONE 1.3s

#3 [backend internal] load .dockerignore
#3 transferring context: 2B 0.0s done
#3 DONE 0.1s

#4 [backend internal] load build context
#4 transferring context: 368B done
#4 DONE 0.0s

#5 [backend 1/5] FROM docker.io/library/python:3.12-slim@sha256:f3fa41d74a768c2fce8016b98c191ae8c1bacd8f1152870a3f9f87d350920b7c
#5 resolve docker.io/library/python:3.12-slim@sha256:f3fa41d74a768c2fce8016b98c191ae8c1bacd8f1152870a3f9f87d350920b7c 0.1s done
#5 DONE 0.1s

#6 [backend 2/5] WORKDIR /app
#6 CACHED

#7 [backend 3/5] COPY requirements.txt .
#7 CACHED

#8 [backend 4/5] RUN pip install --no-cache-dir -r requirements.txt
#8 CACHED

#9 [backend 5/5] COPY . .
#9 CACHED

#10 [backend] exporting to image
#10 exporting layers done
#10 exporting manifest sha256:239d7c9da5869b2abe2da60b070a33f9cdf1e7805c43ac39b579eb469ac048a6 0.0s done
#10 exporting config sha256:d29a97c645fbd78cf95a3131d858b07bd13837338cf32a63c49437717568afaa done
#10 exporting attestation manifest sha256:e99180c77c495b0f4945e569f13a0d3300efc4e3ba00e9b12d13b92a0106c5b3 0.1s done
#10 exporting manifest list sha256:b3c80f1259eded8f8325d639ce1e70ce766af333111bdbe7f68a9cf9cb776128
#10 exporting manifest list sha256:b3c80f1259eded8f8325d639ce1e70ce766af333111bdbe7f68a9cf9cb776128 0.0s done
#10 naming to docker.io/library/hrms-backend:latest done
#10 unpacking to docker.io/library/hrms-backend:latest 0.0s done
#10 DONE 0.3s

#11 [backend] resolving provenance for metadata file
#11 DONE 0.1s

#12 [frontend internal] load build definition from Dockerfile
#12 transferring dockerfile: 1.00kB done
#12 WARN: LegacyKeyValueFormat: "ENV key=value" should be used instead of legacy "ENV key value" format (line 14)
#12 WARN: LegacyKeyValueFormat: "ENV key=value" should be used instead of legacy "ENV key value" format (line 23)
#12 WARN: LegacyKeyValueFormat: "ENV key=value" should be used instead of legacy "ENV key value" format (line 24)
#12 WARN: LegacyKeyValueFormat: "ENV key=value" should be used instead of legacy "ENV key value" format (line 41)
#12 DONE 0.0s

#13 [frontend internal] load metadata for docker.io/library/node:18-alpine
#13 DONE 0.0s

#14 [frontend internal] load .dockerignore
#14 transferring context: 2B done
#14 DONE 0.0s

#15 [frontend internal] load build context
#15 DONE 0.0s

#16 [frontend base 1/1] FROM docker.io/library/node:18-alpine@sha256:8d6421d663b4c28fd3ebc498332f249011d118945588d0a35cb9bc4b8ca09d9e
#16 resolve docker.io/library/node:18-alpine@sha256:8d6421d663b4c28fd3ebc498332f249011d118945588d0a35cb9bc4b8ca09d9e
#16 resolve docker.io/library/node:18-alpine@sha256:8d6421d663b4c28fd3ebc498332f249011d118945588d0a35cb9bc4b8ca09d9e 0.0s done
#16 DONE 0.0s

#17 [frontend builder 1/4] WORKDIR /app
#17 CACHED

#18 [frontend runner 2/8] RUN addgroup --system --gid 1001 nodejs
#18 CACHED

#19 [frontend runner 3/8] RUN adduser --system --uid 1001 nextjs
#19 CACHED

#15 [frontend internal] load build context
#15 transferring context: 1.71MB 2.3s done
#15 DONE 2.3s

#20 [frontend deps 1/4] RUN apk add --no-cache libc6-compat
#20 CACHED

#21 [frontend deps 2/4] WORKDIR /app
#21 CACHED

#22 [frontend deps 3/4] COPY package.json package-lock.json* ./
#22 CACHED

#23 [frontend deps 4/4] RUN npm ci
#23 CACHED

#24 [frontend builder 2/4] COPY --from=deps /app/node_modules ./node_modules
#24 CACHED

#25 [frontend builder 3/4] COPY . .
#25 CACHED

#26 [frontend builder 4/4] RUN npm run build
#26 0.931 
#26 0.931 > frontend@0.1.0 build
#26 0.931 > next build
#26 0.931 
#26 1.154 You are using Node.js 18.20.8. For Next.js, Node.js version ">=20.9.0" is required.
#26 ERROR: process "/bin/sh -c npm run build" did not complete successfully: exit code: 1
------
 > [frontend builder 4/4] RUN npm run build:
0.931 
0.931 > frontend@0.1.0 build
0.931 > next build
0.931 
1.154 You are using Node.js 18.20.8. For Next.js, Node.js version ">=20.9.0" is required.
------
failed to solve: process "/bin/sh -c npm run build" did not complete successfully: exit code: 1
