time="2026-02-27T23:07:40+05:30" level=warning msg="C:\\Users\\konal\\Downloads\\FastApiSheets\\HRMS\\docker-compose.yml: the attribute `version` is obsolete, it will be ignored, please remove it to avoid potential confusion"
Compose can now delegate builds to bake for better performance.
 To do so, set COMPOSE_BAKE=true.
#0 building with "desktop-linux" instance using docker driver

#1 [backend internal] load build definition from Dockerfile
#1 transferring dockerfile: 241B 0.0s done
#1 DONE 0.0s

#2 [backend internal] load metadata for docker.io/library/python:3.12-slim
#2 DONE 1.7s

#3 [backend internal] load .dockerignore
#3 transferring context: 2B done
#3 DONE 0.0s

#4 [backend internal] load build context
#4 transferring context: 368B done
#4 DONE 0.0s

#5 [backend 1/5] FROM docker.io/library/python:3.12-slim@sha256:f3fa41d74a768c2fce8016b98c191ae8c1bacd8f1152870a3f9f87d350920b7c
#5 resolve docker.io/library/python:3.12-slim@sha256:f3fa41d74a768c2fce8016b98c191ae8c1bacd8f1152870a3f9f87d350920b7c 0.1s done
#5 DONE 0.1s

#6 [backend 2/5] WORKDIR /app
#6 CACHED

#7 [backend 3/5] COPY requirements.txt .
#7 CACHED

#8 [backend 4/5] RUN pip install --no-cache-dir -r requirements.txt
#8 CACHED

#9 [backend 5/5] COPY . .
#9 CACHED

#10 [backend] exporting to image
#10 exporting layers done
#10 exporting manifest sha256:239d7c9da5869b2abe2da60b070a33f9cdf1e7805c43ac39b579eb469ac048a6 done
#10 exporting config sha256:d29a97c645fbd78cf95a3131d858b07bd13837338cf32a63c49437717568afaa 0.0s done
#10 exporting attestation manifest sha256:6bbde810b6074237f319886b39207325d0d76e9167c384d9d1c02484eb568532 0.1s done
#10 exporting manifest list sha256:7f097b83457aadbed21e02b5b75978e2a65ccdf8540e2c5fb5647c19eb130cce
#10 exporting manifest list sha256:7f097b83457aadbed21e02b5b75978e2a65ccdf8540e2c5fb5647c19eb130cce 0.0s done
#10 naming to docker.io/library/hrms-backend:latest done
#10 unpacking to docker.io/library/hrms-backend:latest 0.0s done
#10 DONE 0.2s

#11 [backend] resolving provenance for metadata file
#11 DONE 0.1s

#12 [frontend internal] load build definition from Dockerfile
#12 transferring dockerfile: 1.00kB done
#12 DONE 0.0s

#13 [frontend internal] load metadata for docker.io/library/node:20-alpine
#13 DONE 1.4s

#14 [frontend internal] load .dockerignore
#14 transferring context: 2B 0.0s done
#14 DONE 0.1s

#15 [frontend base 1/1] FROM docker.io/library/node:20-alpine@sha256:09e2b3d9726018aecf269bd35325f46bf75046a643a66d28360ec71132750ec8
#15 resolve docker.io/library/node:20-alpine@sha256:09e2b3d9726018aecf269bd35325f46bf75046a643a66d28360ec71132750ec8 0.1s done
#15 DONE 0.1s

#16 [frontend runner 2/8] RUN addgroup --system --gid 1001 nodejs
#16 CACHED

#17 [frontend builder 1/4] WORKDIR /app
#17 CACHED

#18 [frontend runner 3/8] RUN adduser --system --uid 1001 nextjs
#18 CACHED

#19 [frontend internal] load build context
#19 transferring context: 1.71MB 2.5s done
#19 DONE 2.8s

#20 [frontend deps 4/4] RUN npm ci
#20 CACHED

#21 [frontend builder 3/4] COPY . .
#21 CACHED

#22 [frontend deps 1/4] RUN apk add --no-cache libc6-compat
#22 CACHED

#23 [frontend deps 3/4] COPY package.json package-lock.json* ./
#23 CACHED

#24 [frontend builder 2/4] COPY --from=deps /app/node_modules ./node_modules
#24 CACHED

#25 [frontend deps 2/4] WORKDIR /app
#25 CACHED

#26 [frontend builder 4/4] RUN npm run build
#26 CACHED

#27 [frontend runner 4/8] COPY --from=builder /app/public ./public
#27 CACHED

#28 [frontend runner 6/8] RUN chown nextjs:nodejs .next
#28 CACHED

#29 [frontend runner 5/8] RUN mkdir .next
#29 CACHED

#30 [frontend runner 7/8] COPY --from=builder --chown=nextjs:nodejs /app/.next/standalone ./
#30 ERROR: failed to calculate checksum of ref qov2g6orwehwp6kz17vnrcb2z::ti2jdm4zkgdg1cfclzoxggzeq: "/app/.next/standalone": not found
------
 > [frontend runner 7/8] COPY --from=builder --chown=nextjs:nodejs /app/.next/standalone ./:
------
failed to solve: failed to compute cache key: failed to calculate checksum of ref qov2g6orwehwp6kz17vnrcb2z::ti2jdm4zkgdg1cfclzoxggzeq: "/app/.next/standalone": not found
