2026-02-27 18:29:46,371 INFO sqlalchemy.engine.Engine select pg_catalog.version()
2026-02-27 18:29:46,372 INFO sqlalchemy.engine.Engine [raw sql] ()
2026-02-27 18:29:46,374 INFO sqlalchemy.engine.Engine select current_schema()
2026-02-27 18:29:46,374 INFO sqlalchemy.engine.Engine [raw sql] ()
2026-02-27 18:29:46,376 INFO sqlalchemy.engine.Engine show standard_conforming_strings
2026-02-27 18:29:46,376 INFO sqlalchemy.engine.Engine [raw sql] ()
2026-02-27 18:29:46,379 INFO sqlalchemy.engine.Engine BEGIN (implicit)
2026-02-27 18:29:46,402 INFO sqlalchemy.engine.Engine SELECT hrms.employees.id, hrms.employees.employee_number, hrms.employees.first_name, hrms.employees.last_name, hrms.employees.preferred_name, hrms.employees.email, hrms.employees.phone, hrms.employees.date_of_birth, hrms.employees.gender, hrms.employees.hire_date, hrms.employees.termination_date, hrms.employees.employment_type, hrms.employees.status, hrms.employees.manager_id, hrms.employees.department_id, hrms.employees.job_id, hrms.employees.location_id, hrms.employees.created_at, hrms.employees.updated_at 
FROM hrms.employees 
WHERE hrms.employees.email = $1::VARCHAR
2026-02-27 18:29:46,402 INFO sqlalchemy.engine.Engine [generated in 0.00025s] ('admin@hrms.com',)
2026-02-27 18:29:46,409 INFO sqlalchemy.engine.Engine INSERT INTO hrms.employees (id, employee_number, first_name, last_name, preferred_name, email, phone, date_of_birth, gender, hire_date, termination_date, employment_type, status, manager_id, department_id, job_id, location_id) VALUES ($1::UUID, $2::VARCHAR, $3::VARCHAR, $4::VARCHAR, $5::VARCHAR, $6::VARCHAR, $7::VARCHAR, $8::DATE, $9::VARCHAR, $10::DATE, $11::DATE, $12::VARCHAR, $13::VARCHAR, $14::UUID, $15::UUID, $16::UUID, $17::UUID) RETURNING hrms.employees.created_at, hrms.employees.updated_at
2026-02-27 18:29:46,409 INFO sqlalchemy.engine.Engine [generated in 0.00031s] (UUID('7bf1fec6-e894-4222-ae91-9c189d22cd35'), None, 'Super', 'Admin', None, 'admin@hrms.com', None, None, None, datetime.date(2026, 2, 27), None, 'full_time', 'active', None, None, None, None)
2026-02-27 18:29:46,619 INFO sqlalchemy.engine.Engine INSERT INTO hrms.user_accounts (id, auth_uid, employee_id, role) VALUES ($1::UUID, $2::UUID, $3::UUID, $4::VARCHAR) RETURNING hrms.user_accounts.created_at
2026-02-27 18:29:46,619 INFO sqlalchemy.engine.Engine [generated in 0.00023s] (UUID('c58205d7-fe68-44eb-912d-0fc25b6ae41c'), '$2b$12$DVD1kz1Ww6X8Af4auzgKCuYABnV7vjSHbPYLkL2tYcbnC8ihoiUay', UUID('7bf1fec6-e894-4222-ae91-9c189d22cd35'), 'SuperAdmin')
2026-02-27 18:29:46,620 INFO sqlalchemy.engine.Engine ROLLBACK
Traceback (most recent call last):
  File "asyncpg/protocol/prepared_stmt.pyx", line 175, in asyncpg.protocol.protocol.PreparedStatementState._encode_bind_msg
  File "asyncpg/protocol/codecs/base.pyx", line 251, in asyncpg.protocol.protocol.Codec.encode
  File "asyncpg/protocol/codecs/base.pyx", line 153, in asyncpg.protocol.protocol.Codec.encode_scalar
  File "asyncpg/pgproto/codecs/uuid.pyx", line 16, in asyncpg.pgproto.pgproto.uuid_encode
  File "asyncpg/pgproto/uuid.pyx", line 88, in asyncpg.pgproto.pgproto.pg_uuid_bytes_from_str
ValueError: invalid UUID '$2b$12$DVD1kz1Ww6X8Af4auzgKCuYABnV7vjSHbPYLkL2tYcbnC8ihoiUay': length must be between 32..36 characters, got 60

The above exception was the direct cause of the following exception:

Traceback (most recent call last):
  File "/usr/local/lib/python3.12/site-packages/sqlalchemy/dialects/postgresql/asyncpg.py", line 550, in _prepare_and_execute
    self._rows = deque(await prepared_stmt.fetch(*parameters))
                       ^^^^^^^^^^^^^^^^^^^^^^^^^^^^^^^^^^^^^^
  File "/usr/local/lib/python3.12/site-packages/asyncpg/prepared_stmt.py", line 177, in fetch
    data = await self.__bind_execute(args, 0, timeout)
           ^^^^^^^^^^^^^^^^^^^^^^^^^^^^^^^^^^^^^^^^^^^
  File "/usr/local/lib/python3.12/site-packages/asyncpg/prepared_stmt.py", line 268, in __bind_execute
    data, status, _ = await self.__do_execute(
                      ^^^^^^^^^^^^^^^^^^^^^^^^
  File "/usr/local/lib/python3.12/site-packages/asyncpg/prepared_stmt.py", line 257, in __do_execute
    return await executor(protocol)
           ^^^^^^^^^^^^^^^^^^^^^^^^
  File "asyncpg/protocol/protocol.pyx", line 184, in bind_execute
  File "asyncpg/protocol/prepared_stmt.pyx", line 204, in asyncpg.protocol.protocol.PreparedStatementState._encode_bind_msg
asyncpg.exceptions.DataError: invalid input for query argument $2: '$2b$12$DVD1kz1Ww6X8Af4auzgKCuYABnV7vjSH... (invalid UUID '$2b$12$DVD1kz1Ww6X8Af4auzgKCuYABnV7vjSHbPYLkL2tYcbnC8ihoiUay': length must be between 32..36 characters, got 60)

The above exception was the direct cause of the following exception:

Traceback (most recent call last):
  File "/usr/local/lib/python3.12/site-packages/sqlalchemy/engine/base.py", line 1967, in _exec_single_context
    self.dialect.do_execute(
  File "/usr/local/lib/python3.12/site-packages/sqlalchemy/engine/default.py", line 952, in do_execute
    cursor.execute(statement, parameters)
  File "/usr/local/lib/python3.12/site-packages/sqlalchemy/dialects/postgresql/asyncpg.py", line 585, in execute
    self._adapt_connection.await_(
  File "/usr/local/lib/python3.12/site-packages/sqlalchemy/util/_concurrency_py3k.py", line 132, in await_only
    return current.parent.switch(awaitable)  # type: ignore[no-any-return,attr-defined] # noqa: E501
           ^^^^^^^^^^^^^^^^^^^^^^^^^^^^^^^^
  File "/usr/local/lib/python3.12/site-packages/sqlalchemy/util/_concurrency_py3k.py", line 196, in greenlet_spawn
    value = await result
            ^^^^^^^^^^^^
  File "/usr/local/lib/python3.12/site-packages/sqlalchemy/dialects/postgresql/asyncpg.py", line 563, in _prepare_and_execute
    self._handle_exception(error)
  File "/usr/local/lib/python3.12/site-packages/sqlalchemy/dialects/postgresql/asyncpg.py", line 513, in _handle_exception
    self._adapt_connection._handle_exception(error)
  File "/usr/local/lib/python3.12/site-packages/sqlalchemy/dialects/postgresql/asyncpg.py", line 797, in _handle_exception
    raise translated_error from error
sqlalchemy.dialects.postgresql.asyncpg.AsyncAdapt_asyncpg_dbapi.Error: <class 'asyncpg.exceptions.DataError'>: invalid input for query argument $2: '$2b$12$DVD1kz1Ww6X8Af4auzgKCuYABnV7vjSH... (invalid UUID '$2b$12$DVD1kz1Ww6X8Af4auzgKCuYABnV7vjSHbPYLkL2tYcbnC8ihoiUay': length must be between 32..36 characters, got 60)

The above exception was the direct cause of the following exception:

Traceback (most recent call last):
  File "/app/seed_admin.py", line 29, in <module>
    asyncio.run(seed())
  File "/usr/local/lib/python3.12/asyncio/runners.py", line 195, in run
    return runner.run(main)
           ^^^^^^^^^^^^^^^^
  File "/usr/local/lib/python3.12/asyncio/runners.py", line 118, in run
    return self._loop.run_until_complete(task)
           ^^^^^^^^^^^^^^^^^^^^^^^^^^^^^^^^^^^
  File "/usr/local/lib/python3.12/asyncio/base_events.py", line 691, in run_until_complete
    return future.result()
           ^^^^^^^^^^^^^^^
  File "/app/seed_admin.py", line 23, in seed
    await session.commit()
  File "/usr/local/lib/python3.12/site-packages/sqlalchemy/ext/asyncio/session.py", line 1000, in commit
    await greenlet_spawn(self.sync_session.commit)
  File "/usr/local/lib/python3.12/site-packages/sqlalchemy/util/_concurrency_py3k.py", line 203, in greenlet_spawn
    result = context.switch(value)
             ^^^^^^^^^^^^^^^^^^^^^
  File "/usr/local/lib/python3.12/site-packages/sqlalchemy/orm/session.py", line 2030, in commit
    trans.commit(_to_root=True)
  File "<string>", line 2, in commit
  File "/usr/local/lib/python3.12/site-packages/sqlalchemy/orm/state_changes.py", line 137, in _go
    ret_value = fn(self, *arg, **kw)
                ^^^^^^^^^^^^^^^^^^^^
  File "/usr/local/lib/python3.12/site-packages/sqlalchemy/orm/session.py", line 1311, in commit
    self._prepare_impl()
  File "<string>", line 2, in _prepare_impl
  File "/usr/local/lib/python3.12/site-packages/sqlalchemy/orm/state_changes.py", line 137, in _go
    ret_value = fn(self, *arg, **kw)
                ^^^^^^^^^^^^^^^^^^^^
  File "/usr/local/lib/python3.12/site-packages/sqlalchemy/orm/session.py", line 1286, in _prepare_impl
    self.session.flush()
  File "/usr/local/lib/python3.12/site-packages/sqlalchemy/orm/session.py", line 4331, in flush
    self._flush(objects)
  File "/usr/local/lib/python3.12/site-packages/sqlalchemy/orm/session.py", line 4466, in _flush
    with util.safe_reraise():
         ^^^^^^^^^^^^^^^^^^^
  File "/usr/local/lib/python3.12/site-packages/sqlalchemy/util/langhelpers.py", line 121, in __exit__
    raise exc_value.with_traceback(exc_tb)
  File "/usr/local/lib/python3.12/site-packages/sqlalchemy/orm/session.py", line 4427, in _flush
    flush_context.execute()
  File "/usr/local/lib/python3.12/site-packages/sqlalchemy/orm/unitofwork.py", line 466, in execute
    rec.execute(self)
  File "/usr/local/lib/python3.12/site-packages/sqlalchemy/orm/unitofwork.py", line 642, in execute
    util.preloaded.orm_persistence.save_obj(
  File "/usr/local/lib/python3.12/site-packages/sqlalchemy/orm/persistence.py", line 93, in save_obj
    _emit_insert_statements(
  File "/usr/local/lib/python3.12/site-packages/sqlalchemy/orm/persistence.py", line 1233, in _emit_insert_statements
    result = connection.execute(
             ^^^^^^^^^^^^^^^^^^^
  File "/usr/local/lib/python3.12/site-packages/sqlalchemy/engine/base.py", line 1419, in execute
    return meth(
           ^^^^^
  File "/usr/local/lib/python3.12/site-packages/sqlalchemy/sql/elements.py", line 527, in _execute_on_connection
    return connection._execute_clauseelement(
           ^^^^^^^^^^^^^^^^^^^^^^^^^^^^^^^^^^
  File "/usr/local/lib/python3.12/site-packages/sqlalchemy/engine/base.py", line 1641, in _execute_clauseelement
    ret = self._execute_context(
          ^^^^^^^^^^^^^^^^^^^^^^
  File "/usr/local/lib/python3.12/site-packages/sqlalchemy/engine/base.py", line 1846, in _execute_context
    return self._exec_single_context(
           ^^^^^^^^^^^^^^^^^^^^^^^^^^
  File "/usr/local/lib/python3.12/site-packages/sqlalchemy/engine/base.py", line 1986, in _exec_single_context
    self._handle_dbapi_exception(
  File "/usr/local/lib/python3.12/site-packages/sqlalchemy/engine/base.py", line 2363, in _handle_dbapi_exception
    raise sqlalchemy_exception.with_traceback(exc_info[2]) from e
  File "/usr/local/lib/python3.12/site-packages/sqlalchemy/engine/base.py", line 1967, in _exec_single_context
    self.dialect.do_execute(
  File "/usr/local/lib/python3.12/site-packages/sqlalchemy/engine/default.py", line 952, in do_execute
    cursor.execute(statement, parameters)
  File "/usr/local/lib/python3.12/site-packages/sqlalchemy/dialects/postgresql/asyncpg.py", line 585, in execute
    self._adapt_connection.await_(
  File "/usr/local/lib/python3.12/site-packages/sqlalchemy/util/_concurrency_py3k.py", line 132, in await_only
    return current.parent.switch(awaitable)  # type: ignore[no-any-return,attr-defined] # noqa: E501
           ^^^^^^^^^^^^^^^^^^^^^^^^^^^^^^^^
  File "/usr/local/lib/python3.12/site-packages/sqlalchemy/util/_concurrency_py3k.py", line 196, in greenlet_spawn
    value = await result
            ^^^^^^^^^^^^
  File "/usr/local/lib/python3.12/site-packages/sqlalchemy/dialects/postgresql/asyncpg.py", line 563, in _prepare_and_execute
    self._handle_exception(error)
  File "/usr/local/lib/python3.12/site-packages/sqlalchemy/dialects/postgresql/asyncpg.py", line 513, in _handle_exception
    self._adapt_connection._handle_exception(error)
  File "/usr/local/lib/python3.12/site-packages/sqlalchemy/dialects/postgresql/asyncpg.py", line 797, in _handle_exception
    raise translated_error from error
sqlalchemy.exc.DBAPIError: (sqlalchemy.dialects.postgresql.asyncpg.Error) <class 'asyncpg.exceptions.DataError'>: invalid input for query argument $2: '$2b$12$DVD1kz1Ww6X8Af4auzgKCuYABnV7vjSH... (invalid UUID '$2b$12$DVD1kz1Ww6X8Af4auzgKCuYABnV7vjSHbPYLkL2tYcbnC8ihoiUay': length must be between 32..36 characters, got 60)
[SQL: INSERT INTO hrms.user_accounts (id, auth_uid, employee_id, role) VALUES ($1::UUID, $2::UUID, $3::UUID, $4::VARCHAR) RETURNING hrms.user_accounts.created_at]
[parameters: (UUID('c58205d7-fe68-44eb-912d-0fc25b6ae41c'), '$2b$12$DVD1kz1Ww6X8Af4auzgKCuYABnV7vjSHbPYLkL2tYcbnC8ihoiUay', UUID('7bf1fec6-e894-4222-ae91-9c189d22cd35'), 'SuperAdmin')]
(Background on this error at: https://sqlalche.me/e/20/dbapi)
